<?xml version="1.0" encoding="UTF-8"?>
<testng-results ignored="0" total="1" passed="1" failed="0" skipped="0">
  <reporter-output>
  </reporter-output>
  <suite started-at="2022-03-01T09:45:53 IST" name="Surefire suite" finished-at="2022-03-01T09:45:53 IST" duration-ms="11">
    <groups>
    </groups>
    <test started-at="2022-03-01T09:45:53 IST" name="Surefire test" finished-at="2022-03-01T09:45:53 IST" duration-ms="11">
      <class name="MavenPrac.Prac1.AppTest">
        <test-method signature="testApp()[pri:0, instance:testApp(MavenPrac.Prac1.AppTest)]" started-at="2022-03-01T09:45:53 IST" name="testApp" finished-at="2022-03-01T09:45:53 IST" duration-ms="2" status="PASS">
          <reporter-output>
          </reporter-output>
        </test-method> <!-- testApp -->
      </class> <!-- MavenPrac.Prac1.AppTest -->
    </test> <!-- Surefire test -->
  </suite> <!-- Surefire suite -->
</testng-results>
