<?xml version="1.0" encoding="UTF-8"?>
<!-- Generated by org.testng.reporters.JUnitXMLReporter -->
<testsuite ignored="0" hostname="Naveens-MacBook-Air.local" failures="0" tests="4" name="Surefire test" time="0.073" errors="0" timestamp="2022-03-01T09:45:52 IST">
  <testcase classname="MavenPrac.Prac1.firstTest" name="testCase1" time="0.007"/>
  <testcase classname="MavenPrac.Prac1.firstTest" name="testCase2" time="0.0"/>
  <testcase classname="MavenPrac.Prac1.secondTest" name="testCase3" time="0.0"/>
  <testcase classname="MavenPrac.Prac1.secondTest" name="testCase4" time="0.001"/>
</testsuite> <!-- Surefire test -->
