<?xml version="1.0" encoding="UTF-8"?>
<testng-results ignored="0" total="4" passed="4" failed="0" skipped="0">
  <reporter-output>
  </reporter-output>
  <suite started-at="2022-03-01T09:45:47 IST" name="Surefire suite" finished-at="2022-03-01T09:45:47 IST" duration-ms="73">
    <groups>
    </groups>
    <test started-at="2022-03-01T09:45:47 IST" name="Surefire test" finished-at="2022-03-01T09:45:47 IST" duration-ms="73">
      <class name="MavenPrac.Prac1.secondTest">
        <test-method signature="testCase3()[pri:0, instance:MavenPrac.Prac1.secondTest@3bd94634]" started-at="2022-03-01T09:45:47 IST" name="testCase3" finished-at="2022-03-01T09:45:47 IST" duration-ms="0" status="PASS">
          <reporter-output>
          </reporter-output>
        </test-method> <!-- testCase3 -->
        <test-method signature="testCase4()[pri:0, instance:MavenPrac.Prac1.secondTest@3bd94634]" started-at="2022-03-01T09:45:47 IST" name="testCase4" finished-at="2022-03-01T09:45:47 IST" duration-ms="1" status="PASS">
          <reporter-output>
          </reporter-output>
        </test-method> <!-- testCase4 -->
      </class> <!-- MavenPrac.Prac1.secondTest -->
      <class name="MavenPrac.Prac1.firstTest">
        <test-method signature="testCase1()[pri:0, instance:MavenPrac.Prac1.firstTest@17695df3]" started-at="2022-03-01T09:45:47 IST" name="testCase1" finished-at="2022-03-01T09:45:47 IST" duration-ms="7" status="PASS">
          <reporter-output>
          </reporter-output>
        </test-method> <!-- testCase1 -->
        <test-method signature="testCase2()[pri:0, instance:MavenPrac.Prac1.firstTest@17695df3]" started-at="2022-03-01T09:45:47 IST" name="testCase2" finished-at="2022-03-01T09:45:47 IST" duration-ms="0" status="PASS">
          <reporter-output>
          </reporter-output>
        </test-method> <!-- testCase2 -->
      </class> <!-- MavenPrac.Prac1.firstTest -->
    </test> <!-- Surefire test -->
  </suite> <!-- Surefire suite -->
</testng-results>
