<?xml version="1.0" encoding="UTF-8"?>
<!-- Generated by org.testng.reporters.JUnitXMLReporter -->
<testsuite ignored="0" hostname="Naveens-MacBook-Air.local" failures="0" tests="3" name="Test" time="0.067" errors="0" timestamp="2022-03-01T11:14:58 IST">
  <testcase classname="MavenPrac.Prac1.secondTest" name="testCase3" time="0.008"/>
  <testcase classname="MavenPrac.Prac1.secondTest" name="testCase4" time="0.0"/>
  <testcase classname="MavenPrac.Prac1.AppTest" name="testApp" time="0.002"/>
</testsuite> <!-- Test -->
