<?xml version="1.0" encoding="UTF-8"?>
<testng-results ignored="0" total="3" passed="3" failed="0" skipped="0">
  <reporter-output>
  </reporter-output>
  <suite started-at="2022-03-01T11:14:52 IST" name="Suite" finished-at="2022-03-01T11:14:53 IST" duration-ms="67">
    <groups>
    </groups>
    <test started-at="2022-03-01T11:14:52 IST" name="Test" finished-at="2022-03-01T11:14:53 IST" duration-ms="67">
      <class name="MavenPrac.Prac1.secondTest">
        <test-method signature="testCase3()[pri:0, instance:MavenPrac.Prac1.secondTest@534df152]" started-at="2022-03-01T11:14:53 IST" name="testCase3" finished-at="2022-03-01T11:14:53 IST" duration-ms="8" status="PASS">
          <reporter-output>
          </reporter-output>
        </test-method> <!-- testCase3 -->
        <test-method signature="testCase4()[pri:0, instance:MavenPrac.Prac1.secondTest@534df152]" started-at="2022-03-01T11:14:53 IST" name="testCase4" finished-at="2022-03-01T11:14:53 IST" duration-ms="0" status="PASS">
          <reporter-output>
          </reporter-output>
        </test-method> <!-- testCase4 -->
      </class> <!-- MavenPrac.Prac1.secondTest -->
      <class name="MavenPrac.Prac1.AppTest">
        <test-method signature="testApp()[pri:0, instance:MavenPrac.Prac1.AppTest@105fece7]" started-at="2022-03-01T11:14:53 IST" name="testApp" finished-at="2022-03-01T11:14:53 IST" duration-ms="2" status="PASS">
          <reporter-output>
          </reporter-output>
        </test-method> <!-- testApp -->
      </class> <!-- MavenPrac.Prac1.AppTest -->
    </test> <!-- Test -->
  </suite> <!-- Suite -->
</testng-results>
